#
# There is insufficient memory for the Java Runtime Environment to continue.
# Native memory allocation (malloc) failed to allocate 32744 bytes for ChunkPool::allocate
# Possible reasons:
#   The system is out of physical RAM or swap space
#   The process is running with CompressedOops enabled, and the Java Heap may be blocking the growth of the native heap
# Possible solutions:
#   Reduce memory load on the system
#   Increase physical memory or swap space
#   Check if swap backing store is full
#   Decrease Java heap size (-Xmx/-Xms)
#   Decrease number of Java threads
#   Decrease Java thread stack sizes (-Xss)
#   Set larger code cache with -XX:ReservedCodeCacheSize=
#   JVM is running with Unscaled Compressed Oops mode in which the Java heap is
#     placed in the first 4GB address space. The Java Heap base address is the
#     maximum limit for the native heap growth. Please use -XX:HeapBaseMinAddress
#     to set the Java Heap base and to place the Java Heap above 4GB virtual address.
# This output file may be truncated or incomplete.
#
#  Out of Memory Error (./src/hotspot/share/memory/arena.cpp:79), pid=7724, tid=7744
#
# JRE version: OpenJDK Runtime Environment (14.0.2+13) (build 14.0.2+13)
# Java VM: OpenJDK 64-Bit Server VM (14.0.2+13, mixed mode, sharing, tiered, compressed oops, g1 gc, windows-amd64)
# No core dump will be written. Minidumps are not enabled by default on client versions of Windows
#

---------------  S U M M A R Y ------------

Command Line: -javaagent:C:\Program Files\JetBrains\IntelliJ IDEA Community Edition 2019.3.3\lib\idea_rt.jar=56990:C:\Program Files\JetBrains\IntelliJ IDEA Community Edition 2019.3.3\bin -Dfile.encoding=UTF-8 swingProject.SwingProject

Host: Intel(R) Core(TM) i5-3570K CPU @ 3.40GHz, 4 cores, 7G,  Windows 7 , 64 bit Build 7601 (6.1.7601.23572)
Time: Sat Jul 25 15:06:46 2020 ?iiaineia a?aiy (ceia) elapsed time: 1 seconds (0d 0h 0m 1s)

---------------  T H R E A D  ---------------

Current thread (0x000000001f534800):  JavaThread "C1 CompilerThread0" daemon [_thread_in_native, id=7744, stack(0x00000000200e0000,0x00000000201e0000)]


Current CompileTask:
C1:   1899  944   !   3       java.awt.DefaultKeyboardFocusManager::dispatchEvent (1621 bytes)

Stack: [0x00000000200e0000,0x00000000201e0000]
Native frames: (J=compiled Java code, j=interpreted, Vv=VM code, C=native code)
V  [jvm.dll+0x5fd64a]
V  [jvm.dll+0x79782a]
V  [jvm.dll+0x798fdf]
V  [jvm.dll+0x799623]
V  [jvm.dll+0x20f108]
V  [jvm.dll+0xad1e6]
V  [jvm.dll+0xad53c]
V  [jvm.dll+0x1507ba]
V  [jvm.dll+0x14576e]
V  [jvm.dll+0x131e10]
V  [jvm.dll+0x119e09]
V  [jvm.dll+0x11970f]
V  [jvm.dll+0x11993f]
V  [jvm.dll+0x118bc4]
V  [jvm.dll+0x11ab17]
V  [jvm.dll+0x1f5f55]
V  [jvm.dll+0x1f413b]
V  [jvm.dll+0x75c37d]
V  [jvm.dll+0x75518a]
V  [jvm.dll+0x5fc4a6]
C  [ucrtbase.DLL+0x1c1ae]
C  [kernel32.dll+0x159cd]
C  [ntdll.dll+0x2a561]


---------------  P R O C E S S  ---------------

Threads class SMR info:
_java_thread_list=0x0000000021cfe2a0, length=16, elements={
0x000000000211c000, 0x000000000211d800, 0x000000000213d000, 0x000000000213e000,
0x000000000213f000, 0x000000001f531800, 0x000000001f534800, 0x000000001f537800,
0x0000000020328800, 0x0000000020392800, 0x0000000020393800, 0x000000002057b000,
0x00000000205f7800, 0x00000000205f8800, 0x000000002057c000, 0x00000000003da800
}

Java Threads: ( => current thread )
  0x000000000211c000 JavaThread "Reference Handler" daemon [_thread_blocked, id=7864, stack(0x000000001f9d0000,0x000000001fad0000)]
  0x000000000211d800 JavaThread "Finalizer" daemon [_thread_blocked, id=7576, stack(0x000000001f850000,0x000000001f950000)]
  0x000000000213d000 JavaThread "Signal Dispatcher" daemon [_thread_blocked, id=7112, stack(0x000000001fc20000,0x000000001fd20000)]
  0x000000000213e000 JavaThread "Attach Listener" daemon [_thread_blocked, id=5980, stack(0x000000001fae0000,0x000000001fbe0000)]
  0x000000000213f000 JavaThread "Service Thread" daemon [_thread_blocked, id=7660, stack(0x000000001fef0000,0x000000001fff0000)]
  0x000000001f531800 JavaThread "C2 CompilerThread0" daemon [_thread_blocked, id=6944, stack(0x000000001fdf0000,0x000000001fef0000)]
=>0x000000001f534800 JavaThread "C1 CompilerThread0" daemon [_thread_in_native, id=7744, stack(0x00000000200e0000,0x00000000201e0000)]
  0x000000001f537800 JavaThread "Sweeper thread" daemon [_thread_blocked, id=6444, stack(0x00000000201f0000,0x00000000202f0000)]
  0x0000000020328800 JavaThread "Common-Cleaner" daemon [_thread_blocked, id=8412, stack(0x0000000020840000,0x0000000020940000)]
  0x0000000020392800 JavaThread "Monitor Ctrl-Break" daemon [_thread_in_native, id=7560, stack(0x0000000020ab0000,0x0000000020bb0000)]
  0x0000000020393800 JavaThread "Notification Thread" daemon [_thread_blocked, id=5600, stack(0x0000000020ca0000,0x0000000020da0000)]
  0x000000002057b000 JavaThread "Java2D Disposer" daemon [_thread_blocked, id=8708, stack(0x0000000020730000,0x0000000020830000)]
  0x00000000205f7800 JavaThread "AWT-Shutdown" [_thread_blocked, id=2284, stack(0x0000000020dd0000,0x0000000020ed0000)]
  0x00000000205f8800 JavaThread "AWT-Windows" daemon [_thread_in_native, id=8944, stack(0x0000000020f80000,0x0000000021080000)]
  0x000000002057c000 JavaThread "AWT-EventQueue-0" [_thread_blocked, id=3236, stack(0x00000000225d0000,0x00000000226d0000)]
  0x00000000003da800 JavaThread "DestroyJavaVM" [_thread_blocked, id=8484, stack(0x0000000001e50000,0x0000000001f50000)]

Other Threads:
  0x0000000002117000 VMThread "VM Thread" [stack: 0x000000001f730000,0x000000001f830000] [id=8920]
  0x000000002039b000 WatcherThread [stack: 0x0000000020970000,0x0000000020a70000] [id=7176]
  0x000000000041c000 GCTaskThread "GC Thread#0" [stack: 0x000000001c070000,0x000000001c170000] [id=8700]
  0x000000000042f800 ConcurrentGCThread "G1 Main Marker" [stack: 0x000000001c200000,0x000000001c300000] [id=6296]
  0x0000000000433800 ConcurrentGCThread "G1 Conc#0" [stack: 0x000000001c350000,0x000000001c450000] [id=8040]
  0x00000000020ad800 ConcurrentGCThread "G1 Refine#0" [stack: 0x000000001e950000,0x000000001ea50000] [id=8720]
  0x00000000020ae800 ConcurrentGCThread "G1 Young RemSet Sampling" [stack: 0x000000001eb10000,0x000000001ec10000] [id=8784]

Threads with active compile tasks:
C1 CompilerThread0     1921  944   !   3       java.awt.DefaultKeyboardFocusManager::dispatchEvent (1621 bytes)

VM state:not at safepoint (normal execution)

VM Mutex/Monitor currently owned by a thread: None

Heap address: 0x0000000080800000, size: 2040 MB, Compressed Oops mode: 32-bit
Narrow klass base: 0x0000000800000000, Narrow klass shift: 3
Compressed class space size: 1073741824 Address: 0x0000000800a00000

Heap:
 garbage-first heap   total 131072K, used 9216K [0x0000000080800000, 0x0000000100000000)
  region size 1024K, 8 young (8192K), 0 survivors (0K)
 Metaspace       used 9311K, capacity 9513K, committed 9728K, reserved 1058816K
  class space    used 1162K, capacity 1237K, committed 1280K, reserved 1048576K
Heap Regions: E=young(eden), S=young(survivor), O=old, HS=humongous(starts), HC=humongous(continues), CS=collection set, F=free, OA=open archive, CA=closed archive, TAMS=top-at-mark-start (previous, next)
|   0|0x0000000080800000, 0x0000000080900000, 0x0000000080900000|100%|HS|  |TAMS 0x0000000080800000, 0x0000000080800000| Complete 
|   1|0x0000000080900000, 0x0000000080a00000, 0x0000000080a00000|100%|HC|  |TAMS 0x0000000080900000, 0x0000000080900000| Complete 
|   2|0x0000000080a00000, 0x0000000080a00000, 0x0000000080b00000|  0%| F|  |TAMS 0x0000000080a00000, 0x0000000080a00000| Untracked 
|   3|0x0000000080b00000, 0x0000000080b00000, 0x0000000080c00000|  0%| F|  |TAMS 0x0000000080b00000, 0x0000000080b00000| Untracked 
|   4|0x0000000080c00000, 0x0000000080c00000, 0x0000000080d00000|  0%| F|  |TAMS 0x0000000080c00000, 0x0000000080c00000| Untracked 
|   5|0x0000000080d00000, 0x0000000080d00000, 0x0000000080e00000|  0%| F|  |TAMS 0x0000000080d00000, 0x0000000080d00000| Untracked 
|   6|0x0000000080e00000, 0x0000000080e00000, 0x0000000080f00000|  0%| F|  |TAMS 0x0000000080e00000, 0x0000000080e00000| Untracked 
|   7|0x0000000080f00000, 0x0000000080f00000, 0x0000000081000000|  0%| F|  |TAMS 0x0000000080f00000, 0x0000000080f00000| Untracked 
|   8|0x0000000081000000, 0x0000000081000000, 0x0000000081100000|  0%| F|  |TAMS 0x0000000081000000, 0x0000000081000000| Untracked 
|   9|0x0000000081100000, 0x0000000081100000, 0x0000000081200000|  0%| F|  |TAMS 0x0000000081100000, 0x0000000081100000| Untracked 
|  10|0x0000000081200000, 0x0000000081200000, 0x0000000081300000|  0%| F|  |TAMS 0x0000000081200000, 0x0000000081200000| Untracked 
|  11|0x0000000081300000, 0x0000000081300000, 0x0000000081400000|  0%| F|  |TAMS 0x0000000081300000, 0x0000000081300000| Untracked 
|  12|0x0000000081400000, 0x0000000081400000, 0x0000000081500000|  0%| F|  |TAMS 0x0000000081400000, 0x0000000081400000| Untracked 
|  13|0x0000000081500000, 0x0000000081500000, 0x0000000081600000|  0%| F|  |TAMS 0x0000000081500000, 0x0000000081500000| Untracked 
|  14|0x0000000081600000, 0x0000000081600000, 0x0000000081700000|  0%| F|  |TAMS 0x0000000081600000, 0x0000000081600000| Untracked 
|  15|0x0000000081700000, 0x0000000081700000, 0x0000000081800000|  0%| F|  |TAMS 0x0000000081700000, 0x0000000081700000| Untracked 
|  16|0x0000000081800000, 0x0000000081800000, 0x0000000081900000|  0%| F|  |TAMS 0x0000000081800000, 0x0000000081800000| Untracked 
|  17|0x0000000081900000, 0x0000000081900000, 0x0000000081a00000|  0%| F|  |TAMS 0x0000000081900000, 0x0000000081900000| Untracked 
|  18|0x0000000081a00000, 0x0000000081a00000, 0x0000000081b00000|  0%| F|  |TAMS 0x0000000081a00000, 0x0000000081a00000| Untracked 
|  19|0x0000000081b00000, 0x0000000081b00000, 0x0000000081c00000|  0%| F|  |TAMS 0x0000000081b00000, 0x0000000081b00000| Untracked 
|  20|0x0000000081c00000, 0x0000000081c00000, 0x0000000081d00000|  0%| F|  |TAMS 0x0000000081c00000, 0x0000000081c00000| Untracked 
|  21|0x0000000081d00000, 0x0000000081d00000, 0x0000000081e00000|  0%| F|  |TAMS 0x0000000081d00000, 0x0000000081d00000| Untracked 
|  22|0x0000000081e00000, 0x0000000081e00000, 0x0000000081f00000|  0%| F|  |TAMS 0x0000000081e00000, 0x0000000081e00000| Untracked 
|  23|0x0000000081f00000, 0x0000000081f00000, 0x0000000082000000|  0%| F|  |TAMS 0x0000000081f00000, 0x0000000081f00000| Untracked 
|  24|0x0000000082000000, 0x0000000082000000, 0x0000000082100000|  0%| F|  |TAMS 0x0000000082000000, 0x0000000082000000| Untracked 
|  25|0x0000000082100000, 0x0000000082100000, 0x0000000082200000|  0%| F|  |TAMS 0x0000000082100000, 0x0000000082100000| Untracked 
|  26|0x0000000082200000, 0x0000000082200000, 0x0000000082300000|  0%| F|  |TAMS 0x0000000082200000, 0x0000000082200000| Untracked 
|  27|0x0000000082300000, 0x0000000082300000, 0x0000000082400000|  0%| F|  |TAMS 0x0000000082300000, 0x0000000082300000| Untracked 
|  28|0x0000000082400000, 0x0000000082400000, 0x0000000082500000|  0%| F|  |TAMS 0x0000000082400000, 0x0000000082400000| Untracked 
|  29|0x0000000082500000, 0x0000000082500000, 0x0000000082600000|  0%| F|  |TAMS 0x0000000082500000, 0x0000000082500000| Untracked 
|  30|0x0000000082600000, 0x0000000082600000, 0x0000000082700000|  0%| F|  |TAMS 0x0000000082600000, 0x0000000082600000| Untracked 
|  31|0x0000000082700000, 0x0000000082700000, 0x0000000082800000|  0%| F|  |TAMS 0x0000000082700000, 0x0000000082700000| Untracked 
|  32|0x0000000082800000, 0x0000000082800000, 0x0000000082900000|  0%| F|  |TAMS 0x0000000082800000, 0x0000000082800000| Untracked 
|  33|0x0000000082900000, 0x0000000082900000, 0x0000000082a00000|  0%| F|  |TAMS 0x0000000082900000, 0x0000000082900000| Untracked 
|  34|0x0000000082a00000, 0x0000000082a00000, 0x0000000082b00000|  0%| F|  |TAMS 0x0000000082a00000, 0x0000000082a00000| Untracked 
|  35|0x0000000082b00000, 0x0000000082b00000, 0x0000000082c00000|  0%| F|  |TAMS 0x0000000082b00000, 0x0000000082b00000| Untracked 
|  36|0x0000000082c00000, 0x0000000082c00000, 0x0000000082d00000|  0%| F|  |TAMS 0x0000000082c00000, 0x0000000082c00000| Untracked 
|  37|0x0000000082d00000, 0x0000000082d00000, 0x0000000082e00000|  0%| F|  |TAMS 0x0000000082d00000, 0x0000000082d00000| Untracked 
|  38|0x0000000082e00000, 0x0000000082e00000, 0x0000000082f00000|  0%| F|  |TAMS 0x0000000082e00000, 0x0000000082e00000| Untracked 
|  39|0x0000000082f00000, 0x0000000082f00000, 0x0000000083000000|  0%| F|  |TAMS 0x0000000082f00000, 0x0000000082f00000| Untracked 
|  40|0x0000000083000000, 0x0000000083000000, 0x0000000083100000|  0%| F|  |TAMS 0x0000000083000000, 0x0000000083000000| Untracked 
|  41|0x0000000083100000, 0x0000000083100000, 0x0000000083200000|  0%| F|  |TAMS 0x0000000083100000, 0x0000000083100000| Untracked 
|  42|0x0000000083200000, 0x0000000083200000, 0x0000000083300000|  0%| F|  |TAMS 0x0000000083200000, 0x0000000083200000| Untracked 
|  43|0x0000000083300000, 0x0000000083300000, 0x0000000083400000|  0%| F|  |TAMS 0x0000000083300000, 0x0000000083300000| Untracked 
|  44|0x0000000083400000, 0x0000000083400000, 0x0000000083500000|  0%| F|  |TAMS 0x0000000083400000, 0x0000000083400000| Untracked 
|  45|0x0000000083500000, 0x0000000083500000, 0x0000000083600000|  0%| F|  |TAMS 0x0000000083500000, 0x0000000083500000| Untracked 
|  46|0x0000000083600000, 0x0000000083600000, 0x0000000083700000|  0%| F|  |TAMS 0x0000000083600000, 0x0000000083600000| Untracked 
|  47|0x0000000083700000, 0x0000000083700000, 0x0000000083800000|  0%| F|  |TAMS 0x0000000083700000, 0x0000000083700000| Untracked 
|  48|0x0000000083800000, 0x0000000083800000, 0x0000000083900000|  0%| F|  |TAMS 0x0000000083800000, 0x0000000083800000| Untracked 
|  49|0x0000000083900000, 0x0000000083900000, 0x0000000083a00000|  0%| F|  |TAMS 0x0000000083900000, 0x0000000083900000| Untracked 
|  50|0x0000000083a00000, 0x0000000083a00000, 0x0000000083b00000|  0%| F|  |TAMS 0x0000000083a00000, 0x0000000083a00000| Untracked 
|  51|0x0000000083b00000, 0x0000000083b00000, 0x0000000083c00000|  0%| F|  |TAMS 0x0000000083b00000, 0x0000000083b00000| Untracked 
|  52|0x0000000083c00000, 0x0000000083c00000, 0x0000000083d00000|  0%| F|  |TAMS 0x0000000083c00000, 0x0000000083c00000| Untracked 
|  53|0x0000000083d00000, 0x0000000083d00000, 0x0000000083e00000|  0%| F|  |TAMS 0x0000000083d00000, 0x0000000083d00000| Untracked 
|  54|0x0000000083e00000, 0x0000000083e00000, 0x0000000083f00000|  0%| F|  |TAMS 0x0000000083e00000, 0x0000000083e00000| Untracked 
|  55|0x0000000083f00000, 0x0000000083f00000, 0x0000000084000000|  0%| F|  |TAMS 0x0000000083f00000, 0x0000000083f00000| Untracked 
|  56|0x0000000084000000, 0x0000000084000000, 0x0000000084100000|  0%| F|  |TAMS 0x0000000084000000, 0x0000000084000000| Untracked 
|  57|0x0000000084100000, 0x0000000084100000, 0x0000000084200000|  0%| F|  |TAMS 0x0000000084100000, 0x0000000084100000| Untracked 
|  58|0x0000000084200000, 0x0000000084200000, 0x0000000084300000|  0%| F|  |TAMS 0x0000000084200000, 0x0000000084200000| Untracked 
|  59|0x0000000084300000, 0x0000000084300000, 0x0000000084400000|  0%| F|  |TAMS 0x0000000084300000, 0x0000000084300000| Untracked 
|  60|0x0000000084400000, 0x0000000084400000, 0x0000000084500000|  0%| F|  |TAMS 0x0000000084400000, 0x0000000084400000| Untracked 
|  61|0x0000000084500000, 0x0000000084500000, 0x0000000084600000|  0%| F|  |TAMS 0x0000000084500000, 0x0000000084500000| Untracked 
|  62|0x0000000084600000, 0x0000000084600000, 0x0000000084700000|  0%| F|  |TAMS 0x0000000084600000, 0x0000000084600000| Untracked 
|  63|0x0000000084700000, 0x0000000084700000, 0x0000000084800000|  0%| F|  |TAMS 0x0000000084700000, 0x0000000084700000| Untracked 
|  64|0x0000000084800000, 0x0000000084800000, 0x0000000084900000|  0%| F|  |TAMS 0x0000000084800000, 0x0000000084800000| Untracked 
|  65|0x0000000084900000, 0x0000000084900000, 0x0000000084a00000|  0%| F|  |TAMS 0x0000000084900000, 0x0000000084900000| Untracked 
|  66|0x0000000084a00000, 0x0000000084a00000, 0x0000000084b00000|  0%| F|  |TAMS 0x0000000084a00000, 0x0000000084a00000| Untracked 
|  67|0x0000000084b00000, 0x0000000084b00000, 0x0000000084c00000|  0%| F|  |TAMS 0x0000000084b00000, 0x0000000084b00000| Untracked 
|  68|0x0000000084c00000, 0x0000000084c00000, 0x0000000084d00000|  0%| F|  |TAMS 0x0000000084c00000, 0x0000000084c00000| Untracked 
|  69|0x0000000084d00000, 0x0000000084d00000, 0x0000000084e00000|  0%| F|  |TAMS 0x0000000084d00000, 0x0000000084d00000| Untracked 
|  70|0x0000000084e00000, 0x0000000084e00000, 0x0000000084f00000|  0%| F|  |TAMS 0x0000000084e00000, 0x0000000084e00000| Untracked 
|  71|0x0000000084f00000, 0x0000000084f00000, 0x0000000085000000|  0%| F|  |TAMS 0x0000000084f00000, 0x0000000084f00000| Untracked 
|  72|0x0000000085000000, 0x0000000085000000, 0x0000000085100000|  0%| F|  |TAMS 0x0000000085000000, 0x0000000085000000| Untracked 
|  73|0x0000000085100000, 0x0000000085100000, 0x0000000085200000|  0%| F|  |TAMS 0x0000000085100000, 0x0000000085100000| Untracked 
|  74|0x0000000085200000, 0x0000000085200000, 0x0000000085300000|  0%| F|  |TAMS 0x0000000085200000, 0x0000000085200000| Untracked 
|  75|0x0000000085300000, 0x0000000085300000, 0x0000000085400000|  0%| F|  |TAMS 0x0000000085300000, 0x0000000085300000| Untracked 
|  76|0x0000000085400000, 0x0000000085400000, 0x0000000085500000|  0%| F|  |TAMS 0x0000000085400000, 0x0000000085400000| Untracked 
|  77|0x0000000085500000, 0x0000000085500000, 0x0000000085600000|  0%| F|  |TAMS 0x0000000085500000, 0x0000000085500000| Untracked 
|  78|0x0000000085600000, 0x0000000085600000, 0x0000000085700000|  0%| F|  |TAMS 0x0000000085600000, 0x0000000085600000| Untracked 
|  79|0x0000000085700000, 0x0000000085700000, 0x0000000085800000|  0%| F|  |TAMS 0x0000000085700000, 0x0000000085700000| Untracked 
|  80|0x0000000085800000, 0x0000000085800000, 0x0000000085900000|  0%| F|  |TAMS 0x0000000085800000, 0x0000000085800000| Untracked 
|  81|0x0000000085900000, 0x0000000085900000, 0x0000000085a00000|  0%| F|  |TAMS 0x0000000085900000, 0x0000000085900000| Untracked 
|  82|0x0000000085a00000, 0x0000000085a00000, 0x0000000085b00000|  0%| F|  |TAMS 0x0000000085a00000, 0x0000000085a00000| Untracked 
|  83|0x0000000085b00000, 0x0000000085b00000, 0x0000000085c00000|  0%| F|  |TAMS 0x0000000085b00000, 0x0000000085b00000| Untracked 
|  84|0x0000000085c00000, 0x0000000085c00000, 0x0000000085d00000|  0%| F|  |TAMS 0x0000000085c00000, 0x0000000085c00000| Untracked 
|  85|0x0000000085d00000, 0x0000000085d00000, 0x0000000085e00000|  0%| F|  |TAMS 0x0000000085d00000, 0x0000000085d00000| Untracked 
|  86|0x0000000085e00000, 0x0000000085e00000, 0x0000000085f00000|  0%| F|  |TAMS 0x0000000085e00000, 0x0000000085e00000| Untracked 
|  87|0x0000000085f00000, 0x0000000085f00000, 0x0000000086000000|  0%| F|  |TAMS 0x0000000085f00000, 0x0000000085f00000| Untracked 
|  88|0x0000000086000000, 0x0000000086000000, 0x0000000086100000|  0%| F|  |TAMS 0x0000000086000000, 0x0000000086000000| Untracked 
|  89|0x0000000086100000, 0x0000000086100000, 0x0000000086200000|  0%| F|  |TAMS 0x0000000086100000, 0x0000000086100000| Untracked 
|  90|0x0000000086200000, 0x0000000086200000, 0x0000000086300000|  0%| F|  |TAMS 0x0000000086200000, 0x0000000086200000| Untracked 
|  91|0x0000000086300000, 0x0000000086300000, 0x0000000086400000|  0%| F|  |TAMS 0x0000000086300000, 0x0000000086300000| Untracked 
|  92|0x0000000086400000, 0x0000000086400000, 0x0000000086500000|  0%| F|  |TAMS 0x0000000086400000, 0x0000000086400000| Untracked 
|  93|0x0000000086500000, 0x0000000086500000, 0x0000000086600000|  0%| F|  |TAMS 0x0000000086500000, 0x0000000086500000| Untracked 
|  94|0x0000000086600000, 0x0000000086600000, 0x0000000086700000|  0%| F|  |TAMS 0x0000000086600000, 0x0000000086600000| Untracked 
|  95|0x0000000086700000, 0x0000000086700000, 0x0000000086800000|  0%| F|  |TAMS 0x0000000086700000, 0x0000000086700000| Untracked 
|  96|0x0000000086800000, 0x0000000086800000, 0x0000000086900000|  0%| F|  |TAMS 0x0000000086800000, 0x0000000086800000| Untracked 
|  97|0x0000000086900000, 0x0000000086900000, 0x0000000086a00000|  0%| F|  |TAMS 0x0000000086900000, 0x0000000086900000| Untracked 
|  98|0x0000000086a00000, 0x0000000086a00000, 0x0000000086b00000|  0%| F|  |TAMS 0x0000000086a00000, 0x0000000086a00000| Untracked 
|  99|0x0000000086b00000, 0x0000000086b00000, 0x0000000086c00000|  0%| F|  |TAMS 0x0000000086b00000, 0x0000000086b00000| Untracked 
| 100|0x0000000086c00000, 0x0000000086c00000, 0x0000000086d00000|  0%| F|  |TAMS 0x0000000086c00000, 0x0000000086c00000| Untracked 
| 101|0x0000000086d00000, 0x0000000086d00000, 0x0000000086e00000|  0%| F|  |TAMS 0x0000000086d00000, 0x0000000086d00000| Untracked 
| 102|0x0000000086e00000, 0x0000000086e00000, 0x0000000086f00000|  0%| F|  |TAMS 0x0000000086e00000, 0x0000000086e00000| Untracked 
| 103|0x0000000086f00000, 0x0000000086f00000, 0x0000000087000000|  0%| F|  |TAMS 0x0000000086f00000, 0x0000000086f00000| Untracked 
| 104|0x0000000087000000, 0x0000000087000000, 0x0000000087100000|  0%| F|  |TAMS 0x0000000087000000, 0x0000000087000000| Untracked 
| 105|0x0000000087100000, 0x0000000087100000, 0x0000000087200000|  0%| F|  |TAMS 0x0000000087100000, 0x0000000087100000| Untracked 
| 106|0x0000000087200000, 0x0000000087200000, 0x0000000087300000|  0%| F|  |TAMS 0x0000000087200000, 0x0000000087200000| Untracked 
| 107|0x0000000087300000, 0x0000000087300000, 0x0000000087400000|  0%| F|  |TAMS 0x0000000087300000, 0x0000000087300000| Untracked 
| 108|0x0000000087400000, 0x0000000087400000, 0x0000000087500000|  0%| F|  |TAMS 0x0000000087400000, 0x0000000087400000| Untracked 
| 109|0x0000000087500000, 0x0000000087500000, 0x0000000087600000|  0%| F|  |TAMS 0x0000000087500000, 0x0000000087500000| Untracked 
| 110|0x0000000087600000, 0x0000000087600000, 0x0000000087700000|  0%| F|  |TAMS 0x0000000087600000, 0x0000000087600000| Untracked 
| 111|0x0000000087700000, 0x0000000087700000, 0x0000000087800000|  0%| F|  |TAMS 0x0000000087700000, 0x0000000087700000| Untracked 
| 112|0x0000000087800000, 0x0000000087800000, 0x0000000087900000|  0%| F|  |TAMS 0x0000000087800000, 0x0000000087800000| Untracked 
| 113|0x0000000087900000, 0x0000000087900000, 0x0000000087a00000|  0%| F|  |TAMS 0x0000000087900000, 0x0000000087900000| Untracked 
| 114|0x0000000087a00000, 0x0000000087a00000, 0x0000000087b00000|  0%| F|  |TAMS 0x0000000087a00000, 0x0000000087a00000| Untracked 
| 115|0x0000000087b00000, 0x0000000087b00000, 0x0000000087c00000|  0%| F|  |TAMS 0x0000000087b00000, 0x0000000087b00000| Untracked 
| 116|0x0000000087c00000, 0x0000000087c00000, 0x0000000087d00000|  0%| F|  |TAMS 0x0000000087c00000, 0x0000000087c00000| Untracked 
| 117|0x0000000087d00000, 0x0000000087d00000, 0x0000000087e00000|  0%| F|  |TAMS 0x0000000087d00000, 0x0000000087d00000| Untracked 
| 118|0x0000000087e00000, 0x0000000087e00000, 0x0000000087f00000|  0%| F|  |TAMS 0x0000000087e00000, 0x0000000087e00000| Untracked 
| 119|0x0000000087f00000, 0x0000000087f00000, 0x0000000088000000|  0%| F|  |TAMS 0x0000000087f00000, 0x0000000087f00000| Untracked 
| 120|0x0000000088000000, 0x0000000088100000, 0x0000000088100000|100%| E|  |TAMS 0x0000000088000000, 0x0000000088000000| Complete 
| 121|0x0000000088100000, 0x0000000088200000, 0x0000000088200000|100%| E|CS|TAMS 0x0000000088100000, 0x0000000088100000| Complete 
| 122|0x0000000088200000, 0x0000000088300000, 0x0000000088300000|100%| E|CS|TAMS 0x0000000088200000, 0x0000000088200000| Complete 
| 123|0x0000000088300000, 0x0000000088400000, 0x0000000088400000|100%| E|CS|TAMS 0x0000000088300000, 0x0000000088300000| Complete 
| 124|0x0000000088400000, 0x0000000088500000, 0x0000000088500000|100%| E|CS|TAMS 0x0000000088400000, 0x0000000088400000| Complete 
| 125|0x0000000088500000, 0x0000000088600000, 0x0000000088600000|100%| E|CS|TAMS 0x0000000088500000, 0x0000000088500000| Complete 
| 126|0x0000000088600000, 0x0000000088700000, 0x0000000088700000|100%| E|CS|TAMS 0x0000000088600000, 0x0000000088600000| Complete 
| 127|0x0000000088700000, 0x0000000088800000, 0x0000000088800000|100%| E|CS|TAMS 0x0000000088700000, 0x0000000088700000| Complete 

Card table byte_map: [0x0000000017860000,0x0000000017c60000] _byte_map_base: 0x000000001745c000

Marking Bits (Prev, Next): (CMBitMap*) 0x000000000041e938, (CMBitMap*) 0x000000000041e978
 Prev Bits: [0x0000000018060000, 0x000000001a040000)
 Next Bits: [0x000000001a040000, 0x000000001c020000)

Polling page: 0x0000000000110000

Metaspace:

Usage:
  Non-class:      8.08 MB capacity,     7.96 MB ( 98%) used,   110.84 KB (  1%) free+waste,    15.31 KB ( <1%) overhead. 
      Class:      1.21 MB capacity,     1.13 MB ( 94%) used,    66.58 KB (  5%) free+waste,     8.38 KB ( <1%) overhead. 
       Both:      9.29 MB capacity,     9.09 MB ( 98%) used,   177.41 KB (  2%) free+waste,    23.69 KB ( <1%) overhead. 

Virtual space:
  Non-class space:       10.00 MB reserved,       8.25 MB ( 83%) committed 
      Class space:        1.00 GB reserved,       1.25 MB ( <1%) committed 
             Both:        1.01 GB reserved,       9.50 MB ( <1%) committed 

Chunk freelists:
   Non-Class:  44.00 KB
       Class:  11.00 KB
        Both:  55.00 KB

MaxMetaspaceSize: 17179869184.00 GB
CompressedClassSpaceSize: 1.00 GB

CodeHeap 'non-profiled nmethods': size=120000Kb used=263Kb max_used=263Kb free=119736Kb
 bounds [0x000000000faf0000, 0x000000000fd60000, 0x0000000017020000]
CodeHeap 'profiled nmethods': size=120000Kb used=1451Kb max_used=1451Kb free=118548Kb
 bounds [0x00000000085c0000, 0x0000000008830000, 0x000000000faf0000]
CodeHeap 'non-nmethods': size=5760Kb used=1313Kb max_used=1329Kb free=4446Kb
 bounds [0x0000000008020000, 0x0000000008290000, 0x00000000085c0000]
 total_blobs=1555 nmethods=942 adapters=526
 compilation: enabled
              stopped_count=0, restarted_count=0
 full_count=0

Compilation events (20 events):
Event: 1.844 Thread 0x000000001f534800 nmethod 934 0x0000000008723d90 code [0x0000000008724120, 0x0000000008725f68]
Event: 1.844 Thread 0x000000001f534800  935       3       sun.awt.SunToolkit::getSystemEventQueueImplPP (13 bytes)
Event: 1.844 Thread 0x000000001f534800 nmethod 935 0x0000000008726590 code [0x0000000008726740, 0x0000000008726968]
Event: 1.854 Thread 0x000000001f534800  936       3       java.util.HashMap::remove (26 bytes)
Event: 1.854 Thread 0x000000001f534800 nmethod 936 0x0000000008726a90 code [0x0000000008726c60, 0x0000000008726fd8]
Event: 1.854 Thread 0x000000001f534800  937       3       java.util.HashMap::removeNode (291 bytes)
Event: 1.855 Thread 0x000000001f534800 nmethod 937 0x0000000008727110 code [0x00000000087273c0, 0x00000000087288b8]
Event: 1.863 Thread 0x000000001f534800  938       3       java.awt.Toolkit::getEventQueue (7 bytes)
Event: 1.863 Thread 0x000000001f534800 nmethod 938 0x0000000008728e90 code [0x0000000008729040, 0x0000000008729218]
Event: 1.864 Thread 0x000000001f534800  939       3       sun.awt.SunToolkit::getSystemEventQueueImpl (4 bytes)
Event: 1.864 Thread 0x000000001f534800 nmethod 939 0x0000000008729310 code [0x00000000087294e0, 0x0000000008729838]
Event: 1.864 Thread 0x000000001f534800  940       3       sun.awt.SunToolkit::getSystemEventQueueImplPP (7 bytes)
Event: 1.864 Thread 0x000000001f534800 nmethod 940 0x0000000008729990 code [0x0000000008729b60, 0x0000000008729e18]
Event: 1.885 Thread 0x000000001f534800  941       3       java.awt.EventQueue::setCurrentEventAndMostRecentTime (8 bytes)
Event: 1.886 Thread 0x000000001f534800 nmethod 941 0x0000000008729f10 code [0x000000000872a0e0, 0x000000000872a348]
Event: 1.891 Thread 0x000000001f534800  942       3       sun.awt.SunToolkit::isTouchKeyboardAutoShowEnabled (4 bytes)
Event: 1.891 Thread 0x000000001f534800 nmethod 942 0x000000000872a490 code [0x000000000872a620, 0x000000000872a718]
Event: 1.891 Thread 0x000000001f534800  943       3       java.util.HashSet::remove (20 bytes)
Event: 1.891 Thread 0x000000001f534800 nmethod 943 0x000000000872a790 code [0x000000000872a940, 0x000000000872ab88]
Event: 1.893 Thread 0x000000001f534800  944   !   3       java.awt.DefaultKeyboardFocusManager::dispatchEvent (1621 bytes)

GC Heap History (0 events):
No events

Deoptimization events (20 events):
Event: 0.532 Thread 0x00000000003da800 Uncommon trap: trap_request=0xffffff45 fr.pc=0x000000000fafbe20 relative=0x0000000000000180
Event: 0.532 Thread 0x00000000003da800 Uncommon trap: reason=unstable_if action=reinterpret pc=0x000000000fafbe20 method=java.lang.String.equals(Ljava/lang/Object;)Z @ 33 c2
Event: 0.532 Thread 0x00000000003da800 DEOPT PACKING pc=0x000000000fafbe20 sp=0x0000000001f4f1f0
Event: 0.532 Thread 0x00000000003da800 DEOPT UNPACKING pc=0x000000000806912f sp=0x0000000001f4f190 mode 2
Event: 0.533 Thread 0x00000000003da800 Uncommon trap: trap_request=0xffffff45 fr.pc=0x000000000fafc6c0 relative=0x0000000000000080
Event: 0.533 Thread 0x00000000003da800 Uncommon trap: reason=unstable_if action=reinterpret pc=0x000000000fafc6c0 method=java.lang.String.isLatin1()Z @ 10 c2
Event: 0.533 Thread 0x00000000003da800 DEOPT PACKING pc=0x000000000fafc6c0 sp=0x0000000001f4ef70
Event: 0.533 Thread 0x00000000003da800 DEOPT UNPACKING pc=0x000000000806912f sp=0x0000000001f4eeb0 mode 2
Event: 0.733 Thread 0x000000002057c000 Uncommon trap: trap_request=0xffffff45 fr.pc=0x000000000fb0a23c relative=0x000000000000009c
Event: 0.733 Thread 0x000000002057c000 Uncommon trap: reason=unstable_if action=reinterpret pc=0x000000000fb0a23c method=java.util.HashMap.hash(Ljava/lang/Object;)I @ 1 c2
Event: 0.733 Thread 0x000000002057c000 DEOPT PACKING pc=0x000000000fb0a23c sp=0x00000000226ce070
Event: 0.733 Thread 0x000000002057c000 DEOPT UNPACKING pc=0x000000000806912f sp=0x00000000226ce008 mode 2
Event: 0.733 Thread 0x000000002057c000 Uncommon trap: trap_request=0xffffff45 fr.pc=0x000000000fb1b704 relative=0x00000000000001c4
Event: 0.733 Thread 0x000000002057c000 Uncommon trap: reason=unstable_if action=reinterpret pc=0x000000000fb1b704 method=java.util.HashMap.getNode(ILjava/lang/Object;)Ljava/util/HashMap$Node; @ 53 c2
Event: 0.733 Thread 0x000000002057c000 DEOPT PACKING pc=0x000000000fb1b704 sp=0x00000000226ce060
Event: 0.733 Thread 0x000000002057c000 DEOPT UNPACKING pc=0x000000000806912f sp=0x00000000226cdfe8 mode 2
Event: 1.757 Thread 0x000000002057c000 Uncommon trap: trap_request=0xffffff45 fr.pc=0x000000000fb3114c relative=0x00000000000000ac
Event: 1.757 Thread 0x000000002057c000 Uncommon trap: reason=unstable_if action=reinterpret pc=0x000000000fb3114c method=java.awt.Component.inside(II)Z @ 1 c2
Event: 1.757 Thread 0x000000002057c000 DEOPT PACKING pc=0x000000000fb3114c sp=0x00000000226ce660
Event: 1.757 Thread 0x000000002057c000 DEOPT UNPACKING pc=0x000000000806912f sp=0x00000000226ce500 mode 2

Classes unloaded (0 events):
No events

Classes redefined (0 events):
No events

Internal exceptions (20 events):
Event: 0.378 Thread 0x00000000003da800 Exception <a 'java/lang/ClassNotFoundException'{0x00000000885b0920}: ToolTip> (0x00000000885b0920) 
thrown [./src/hotspot/share/classfile/systemDictionary.cpp, line 226]
Event: 0.379 Thread 0x00000000003da800 Exception <a 'java/lang/ClassNotFoundException'{0x00000000885b12a0}: Tree> (0x00000000885b12a0) 
thrown [./src/hotspot/share/classfile/systemDictionary.cpp, line 226]
Event: 0.379 Thread 0x00000000003da800 Exception <a 'java/lang/ClassNotFoundException'{0x00000000885b1798}: Tree> (0x00000000885b1798) 
thrown [./src/hotspot/share/classfile/systemDictionary.cpp, line 226]
Event: 0.379 Thread 0x00000000003da800 Exception <a 'java/lang/ClassNotFoundException'{0x00000000885b1b08}: javax/swing/JTreeCell> (0x00000000885b1b08) 
thrown [./src/hotspot/share/classfile/systemDictionary.cpp, line 226]
Event: 0.379 Thread 0x00000000003da800 Exception <a 'java/lang/ClassNotFoundException'{0x00000000885b1e08}: TreeCell> (0x00000000885b1e08) 
thrown [./src/hotspot/share/classfile/systemDictionary.cpp, line 226]
Event: 0.380 Thread 0x00000000003da800 Exception <a 'java/lang/ClassNotFoundException'{0x00000000885b2600}: RootPane> (0x00000000885b2600) 
thrown [./src/hotspot/share/classfile/systemDictionary.cpp, line 226]
Event: 0.415 Thread 0x00000000205f8800 Exception <a 'java/lang/NoSuchMethodError'{0x0000000088405120}: 'void java.lang.invoke.DirectMethodHandle$Holder.invokeSpecial(java.lang.Object, java.lang.Object)'> (0x0000000088405120) 
thrown [./src/hotspot/share/interpreter/linkResolver.cpp, line 766]
Event: 0.436 Thread 0x00000000003da800 Exception <a 'java/lang/NoSuchMethodError'{0x0000000088459810}: 'java.lang.Object java.lang.invoke.DirectMethodHandle$Holder.invokeStatic(java.lang.Object, int, java.lang.Object, java.lang.Object, java.lang.Object, java.lang.Object)'> (0x0000000088459810) 
thrown [./src/hotspot/share/interpreter/linkResolver.cpp, line 766]
Event: 0.437 Thread 0x00000000003da800 Exception <a 'java/lang/NoSuchMethodError'{0x0000000088460030}: 'java.lang.Object java.lang.invoke.DirectMethodHandle$Holder.invokeStatic(java.lang.Object, int, java.lang.Object, java.lang.Object, java.lang.Object)'> (0x0000000088460030) 
thrown [./src/hotspot/share/interpreter/linkResolver.cpp, line 766]
Event: 0.438 Thread 0x00000000003da800 Exception <a 'java/lang/NoSuchMethodError'{0x00000000884635d8}: 'java.lang.Object java.lang.invoke.DirectMethodHandle$Holder.invokeSpecial(java.lang.Object, java.lang.Object, int, java.lang.Object, java.lang.Object, java.lang.Object)'> (0x00000000884635d8) 
thrown [./src/hotspot/share/interpreter/linkResolver.cpp, line 766]
Event: 0.508 Thread 0x00000000003da800 Exception <a 'java/lang/ClassNotFoundException'{0x00000000884c4dc8}: com/sun/swing/internal/plaf/synth/resources/spi/synthProvider> (0x00000000884c4dc8) 
thrown [./src/hotspot/share/classfile/systemDictionary.cpp, line 226]
Event: 0.509 Thread 0x00000000003da800 Exception <a 'java/lang/ClassNotFoundException'{0x00000000884c8a68}: com/sun/swing/internal/plaf/basic/resources/spi/basicProvider> (0x00000000884c8a68) 
thrown [./src/hotspot/share/classfile/systemDictionary.cpp, line 226]
Event: 0.566 Thread 0x00000000003da800 Exception <a 'java/lang/NoSuchMethodError'{0x000000008832e740}: 'void java.lang.invoke.DirectMethodHandle$Holder.invokeStaticInit(java.lang.Object)'> (0x000000008832e740) 
thrown [./src/hotspot/share/interpreter/linkResolver.cpp, line 766]
Event: 0.582 Thread 0x00000000003da800 Exception <a 'java/lang/NoSuchMethodError'{0x0000000088397f20}: 'java.lang.Object java.lang.invoke.Invokers$Holder.linkToTargetMethod(java.lang.Object, int, java.lang.Object)'> (0x0000000088397f20) 
thrown [./src/hotspot/share/interpreter/linkResolver.cpp, line 766]
Event: 0.680 Thread 0x00000000003da800 Exception <a 'java/lang/ClassNotFoundException'{0x00000000883fa3c0}: java/lang/ObjectCustomizer> (0x00000000883fa3c0) 
thrown [./src/hotspot/share/classfile/systemDictionary.cpp, line 226]
Event: 0.689 Thread 0x00000000003da800 Exception <a 'java/lang/IncompatibleClassChangeError'{0x0000000088201a60}: Found class java.lang.Object, but interface was expected> (0x0000000088201a60) 
thrown [./src/hotspot/share/interpreter/linkResolver.cpp, line 832]
Event: 0.704 Thread 0x00000000003da800 Exception <a 'java/lang/ClassNotFoundException'{0x0000000088236318}: net/miginfocom/layout/UnitValueCustomizer> (0x0000000088236318) 
thrown [./src/hotspot/share/classfile/systemDictionary.cpp, line 226]
Event: 0.707 Thread 0x00000000003da800 Exception <a 'java/lang/ClassNotFoundException'{0x0000000088249d48}: java/lang/ObjectCustomizer> (0x0000000088249d48) 
thrown [./src/hotspot/share/classfile/systemDictionary.cpp, line 226]
Event: 0.708 Thread 0x00000000003da800 Exception <a 'java/lang/ClassNotFoundException'{0x000000008824f0f8}: net/miginfocom/layout/BoundSizeCustomizer> (0x000000008824f0f8) 
thrown [./src/hotspot/share/classfile/systemDictionary.cpp, line 226]
Event: 0.733 Thread 0x000000002057c000 Implicit null exception at 0x000000000fb0a1af to 0x000000000fb0a22d

Events (20 events):
Event: 0.972 loading class sun/util/resources/cldr/TimeZoneNames_en_US done
Event: 0.974 loading class java/util/LinkedHashMap$LinkedKeySet
Event: 0.974 loading class java/util/LinkedHashMap$LinkedKeySet done
Event: 1.509 loading class java/awt/Container$MouseEventTargetFilter
Event: 1.509 loading class java/awt/Container$EventTargetFilter
Event: 1.509 loading class java/awt/Container$EventTargetFilter done
Event: 1.509 loading class java/awt/Container$MouseEventTargetFilter done
Event: 1.509 loading class java/awt/LightweightDispatcher$1
Event: 1.509 loading class java/awt/LightweightDispatcher$1 done
Event: 1.509 loading class java/awt/event/AWTEventListenerProxy
Event: 1.509 loading class java/awt/event/AWTEventListenerProxy done
Event: 1.509 loading class java/awt/Toolkit$SelectiveAWTEventListener
Event: 1.509 loading class java/awt/Toolkit$SelectiveAWTEventListener done
Event: 1.509 loading class java/awt/Toolkit$ToolkitEventMulticaster
Event: 1.509 loading class java/awt/Toolkit$ToolkitEventMulticaster done
Event: 1.600 Loaded shared library C:\Program Files\BellSoft\LibericaJRE-14\bin\java.dll
Event: 1.608 loading class java/awt/event/ContainerEvent
Event: 1.608 loading class java/awt/event/ContainerEvent done
Event: 1.608 loading class javax/swing/event/ChangeEvent
Event: 1.608 loading class javax/swing/event/ChangeEvent done


Dynamic libraries:
0x000000013f0f0000 - 0x000000013f0fd000 	C:\Program Files\BellSoft\LibericaJRE-14\bin\java.exe
0x0000000076e20000 - 0x0000000076fca000 	C:\Windows\SYSTEM32\ntdll.dll
0x0000000076d00000 - 0x0000000076e1f000 	C:\Windows\system32\kernel32.dll
0x000007fefcda0000 - 0x000007fefce0a000 	C:\Windows\system32\KERNELBASE.dll
0x000007feceb40000 - 0x000007feceb58000 	C:\Program Files\BellSoft\LibericaJRE-14\bin\jli.dll
0x000007fefb6d0000 - 0x000007fefb8c4000 	C:\Windows\WinSxS\amd64_microsoft.windows.common-controls_6595b64144ccf1df_6.0.7601.23403_none_e36ad4593102f066\COMCTL32.dll
0x000007fefeed0000 - 0x000007fefef6f000 	C:\Windows\system32\msvcrt.dll
0x000007fefe740000 - 0x000007fefe7a7000 	C:\Windows\system32\GDI32.dll
0x0000000076c00000 - 0x0000000076cfa000 	C:\Windows\system32\USER32.dll
0x000007fefe8f0000 - 0x000007fefe8fe000 	C:\Windows\system32\LPK.dll
0x000007fefeda0000 - 0x000007fefee6a000 	C:\Windows\system32\USP10.dll
0x000007fefef70000 - 0x000007fefefe1000 	C:\Windows\system32\SHLWAPI.dll
0x000007feceb00000 - 0x000007feceb15000 	C:\Program Files\BellSoft\LibericaJRE-14\bin\VCRUNTIME140.dll
0x000007fef0660000 - 0x000007fef0664000 	C:\Program Files\BellSoft\LibericaJRE-14\bin\api-ms-win-crt-runtime-l1-1-0.dll
0x000007fecd2b0000 - 0x000007fecd3aa000 	C:\Program Files\BellSoft\LibericaJRE-14\bin\ucrtbase.DLL
0x000007feceac0000 - 0x000007feceac3000 	C:\Program Files\BellSoft\LibericaJRE-14\bin\api-ms-win-core-localization-l1-2-0.dll
0x000007feceab0000 - 0x000007feceab3000 	C:\Program Files\BellSoft\LibericaJRE-14\bin\api-ms-win-core-processthreads-l1-1-1.dll
0x000007fecea90000 - 0x000007fecea93000 	C:\Program Files\BellSoft\LibericaJRE-14\bin\api-ms-win-core-file-l1-2-0.dll
0x000007fece8f0000 - 0x000007fece8f3000 	C:\Program Files\BellSoft\LibericaJRE-14\bin\api-ms-win-core-timezone-l1-1-0.dll
0x000007fece8d0000 - 0x000007fece8d3000 	C:\Program Files\BellSoft\LibericaJRE-14\bin\api-ms-win-core-file-l2-1-0.dll
0x000007fece8c0000 - 0x000007fece8c3000 	C:\Program Files\BellSoft\LibericaJRE-14\bin\api-ms-win-core-synch-l1-2-0.dll
0x000007fece620000 - 0x000007fece623000 	C:\Program Files\BellSoft\LibericaJRE-14\bin\api-ms-win-crt-heap-l1-1-0.dll
0x000007fece5f0000 - 0x000007fece5f4000 	C:\Program Files\BellSoft\LibericaJRE-14\bin\api-ms-win-crt-string-l1-1-0.dll
0x000007fece5e0000 - 0x000007fece5e4000 	C:\Program Files\BellSoft\LibericaJRE-14\bin\api-ms-win-crt-stdio-l1-1-0.dll
0x000007fecd2a0000 - 0x000007fecd2a4000 	C:\Program Files\BellSoft\LibericaJRE-14\bin\api-ms-win-crt-convert-l1-1-0.dll
0x000007fecd220000 - 0x000007fecd223000 	C:\Program Files\BellSoft\LibericaJRE-14\bin\api-ms-win-crt-environment-l1-1-0.dll
0x000007fecd1f0000 - 0x000007fecd1f3000 	C:\Program Files\BellSoft\LibericaJRE-14\bin\api-ms-win-crt-filesystem-l1-1-0.dll
0x000007fecd1d0000 - 0x000007fecd1d5000 	C:\Program Files\BellSoft\LibericaJRE-14\bin\api-ms-win-crt-math-l1-1-0.dll
0x000007fecd1c0000 - 0x000007fecd1c3000 	C:\Program Files\BellSoft\LibericaJRE-14\bin\api-ms-win-crt-locale-l1-1-0.dll
0x000007fefdf90000 - 0x000007fefdfbe000 	C:\Windows\system32\IMM32.DLL
0x000007fefd0f0000 - 0x000007fefd1f9000 	C:\Windows\system32\MSCTF.dll
0x000007fecd120000 - 0x000007fecd1bb000 	C:\Program Files\BellSoft\LibericaJRE-14\bin\msvcp140.dll
0x000007fecd070000 - 0x000007fecd073000 	C:\Program Files\BellSoft\LibericaJRE-14\bin\api-ms-win-crt-time-l1-1-0.dll
0x000007feccfb0000 - 0x000007feccfb3000 	C:\Program Files\BellSoft\LibericaJRE-14\bin\api-ms-win-crt-utility-l1-1-0.dll
0x000007fec86f0000 - 0x000007fec9286000 	C:\Program Files\BellSoft\LibericaJRE-14\bin\server\jvm.dll
0x000007fefe380000 - 0x000007fefe45b000 	C:\Windows\system32\ADVAPI32.dll
0x000007fefe900000 - 0x000007fefe91f000 	C:\Windows\SYSTEM32\sechost.dll
0x000007feff000000 - 0x000007feff12d000 	C:\Windows\system32\RPCRT4.dll
0x000007fef0460000 - 0x000007fef0469000 	C:\Windows\system32\WSOCK32.dll
0x000007fefdfc0000 - 0x000007fefe00d000 	C:\Windows\system32\WS2_32.dll
0x000007fefeff0000 - 0x000007fefeff8000 	C:\Windows\system32\NSI.dll
0x000007fef8730000 - 0x000007fef876b000 	C:\Windows\system32\WINMM.dll
0x000007fefbbd0000 - 0x000007fefbbdc000 	C:\Windows\system32\VERSION.dll
0x0000000076ff0000 - 0x0000000076ff7000 	C:\Windows\system32\PSAPI.DLL
0x000007feccf80000 - 0x000007feccf8a000 	C:\Program Files\BellSoft\LibericaJRE-14\bin\jimage.dll
0x000007fefa5b0000 - 0x000007fefa6d5000 	C:\Windows\system32\DBGHELP.DLL
0x000007feccf70000 - 0x000007feccf7e000 	C:\Program Files\BellSoft\LibericaJRE-14\bin\instrument.dll
0x000007feccf40000 - 0x000007feccf65000 	C:\Program Files\BellSoft\LibericaJRE-14\bin\java.dll
0x000007fecc300000 - 0x000007fecc316000 	C:\Program Files\BellSoft\LibericaJRE-14\bin\zip.dll
0x000007fefd200000 - 0x000007fefdf8a000 	C:\Windows\system32\SHELL32.dll
0x000007fefeab0000 - 0x000007fefecb3000 	C:\Windows\system32\ole32.dll
0x000007fefcb50000 - 0x000007fefcb5f000 	C:\Windows\system32\profapi.dll
0x000007fecc0d0000 - 0x000007fecc0e9000 	C:\Program Files\BellSoft\LibericaJRE-14\bin\net.dll
0x000007fef2e80000 - 0x000007fef2ef1000 	C:\Windows\system32\WINHTTP.dll
0x000007fef2c60000 - 0x000007fef2cc5000 	C:\Windows\system32\webio.dll
0x000007fefc2f0000 - 0x000007fefc345000 	C:\Windows\system32\mswsock.dll
0x000007fefc2e0000 - 0x000007fefc2e7000 	C:\Windows\System32\wship6.dll
0x000007fecc0b0000 - 0x000007fecc0c2000 	C:\Program Files\BellSoft\LibericaJRE-14\bin\nio.dll
0x000007feccda0000 - 0x000007feccdb0000 	C:\Program Files\BellSoft\LibericaJRE-14\bin\verify.dll
0x000007fecc090000 - 0x000007fecc0aa000 	C:\Program Files\JetBrains\IntelliJ IDEA Community Edition 2019.3.3\bin\breakgen64.dll
0x000007fecaf20000 - 0x000007fecb0b8000 	C:\Program Files\BellSoft\LibericaJRE-14\bin\awt.dll
0x000007fefecc0000 - 0x000007fefed9a000 	C:\Windows\system32\OLEAUT32.dll
0x000007fecbd80000 - 0x000007fecbe02000 	C:\Program Files\BellSoft\LibericaJRE-14\bin\freetype.dll
0x000007fecae70000 - 0x000007fecaf16000 	C:\Program Files\BellSoft\LibericaJRE-14\bin\fontmanager.dll
0x000007fefb4f0000 - 0x000007fefb546000 	C:\Windows\system32\uxtheme.dll
0x000007fefbbe0000 - 0x000007fefbbf8000 	C:\Windows\system32\dwmapi.dll
0x000007fefc9f0000 - 0x000007fefc9ff000 	C:\Windows\system32\CRYPTBASE.dll
0x000007fedca40000 - 0x000007fedcb5d000 	C:\Windows\system32\opengl32.dll
0x000007fedca10000 - 0x000007fedca3d000 	C:\Windows\system32\GLU32.dll
0x000007fedc910000 - 0x000007fedca01000 	C:\Windows\system32\DDRAW.dll
0x000007fedc900000 - 0x000007fedc908000 	C:\Windows\system32\DCIMAN32.dll
0x000007fefcf10000 - 0x000007fefd0e7000 	C:\Windows\system32\SETUPAPI.dll
0x000007fefcb80000 - 0x000007fefcbb6000 	C:\Windows\system32\CFGMGR32.dll
0x000007fefcbc0000 - 0x000007fefcbda000 	C:\Windows\system32\DEVOBJ.dll
0x000007fef70e0000 - 0x000007fef72df000 	C:\Windows\system32\d3d9.dll
0x000007fef7a20000 - 0x000007fef7a27000 	C:\Windows\system32\d3d8thk.dll
0x000007fef84b0000 - 0x000007fef8687000 	C:\Windows\system32\aticfx64.dll
0x000007feceba0000 - 0x000007fecebd1000 	C:\Windows\system32\atiu9p64.dll
0x000007fecd510000 - 0x000007fece199000 	C:\Windows\system32\atiumd64.dll
0x0000000060eb0000 - 0x0000000061c75000 	C:\Windows\system32\atiumd6a.dll
0x000007fefbc00000 - 0x000007fefbc2c000 	C:\Windows\system32\POWRPROF.dll
0x000007fef88c0000 - 0x000007fef88ee000 	C:\Windows\system32\amdihk64.dll

dbghelp: loaded successfully - version: 4.0.5 - missing functions: none
symbol engine: initialized successfully - sym options: 0x614 - pdb path: .;C:\Program Files\BellSoft\LibericaJRE-14\bin;C:\Windows\SYSTEM32;C:\Windows\WinSxS\amd64_microsoft.windows.common-controls_6595b64144ccf1df_6.0.7601.23403_none_e36ad4593102f066;C:\Program Files\BellSoft\LibericaJRE-14\bin\server;C:\Program Files\JetBrains\IntelliJ IDEA Community Edition 2019.3.3\bin

VM Arguments:
jvm_args: -javaagent:C:\Program Files\JetBrains\IntelliJ IDEA Community Edition 2019.3.3\lib\idea_rt.jar=56990:C:\Program Files\JetBrains\IntelliJ IDEA Community Edition 2019.3.3\bin -Dfile.encoding=UTF-8 
java_command: swingProject.SwingProject
java_class_path (initial): C:\Java\SwingProject\out\production\SwingProject;C:\Java\SwingProject\src\lib\miglayout-3.7.4.jar
Launcher Type: SUN_STANDARD

[Global flags]
     intx CICompilerCount                          = 3                                         {product} {ergonomic}
     uint ConcGCThreads                            = 1                                         {product} {ergonomic}
     uint G1ConcRefinementThreads                  = 4                                         {product} {ergonomic}
   size_t G1HeapRegionSize                         = 1048576                                   {product} {ergonomic}
    uintx GCDrainStackTargetSize                   = 64                                        {product} {ergonomic}
   size_t InitialHeapSize                          = 134217728                                 {product} {ergonomic}
   size_t MarkStackSize                            = 4194304                                   {product} {ergonomic}
   size_t MaxHeapSize                              = 2139095040                                {product} {ergonomic}
   size_t MaxNewSize                               = 1283457024                                {product} {ergonomic}
   size_t MinHeapDeltaBytes                        = 1048576                                   {product} {ergonomic}
   size_t MinHeapSize                              = 8388608                                   {product} {ergonomic}
    uintx NonNMethodCodeHeapSize                   = 5832780                                {pd product} {ergonomic}
    uintx NonProfiledCodeHeapSize                  = 122912730                              {pd product} {ergonomic}
    uintx ProfiledCodeHeapSize                     = 122912730                              {pd product} {ergonomic}
    uintx ReservedCodeCacheSize                    = 251658240                              {pd product} {ergonomic}
     bool SegmentedCodeCache                       = true                                      {product} {ergonomic}
   size_t SoftMaxHeapSize                          = 2139095040                             {manageable} {ergonomic}
     bool UseCompressedClassPointers               = true                                 {lp64_product} {ergonomic}
     bool UseCompressedOops                        = true                                 {lp64_product} {ergonomic}
     bool UseG1GC                                  = true                                      {product} {ergonomic}
     bool UseLargePagesIndividualAllocation        = false                                  {pd product} {ergonomic}

Logging:
Log output configuration:
 #0: stdout all=warning uptime,level,tags
 #1: stderr all=off uptime,level,tags

Environment Variables:
JAVA_HOME=C:\Program Files\BellSoft\LibericaJRE-14\
PATH=C:\Program Files\BellSoft\LibericaJRE-14\bin\;C:\Program Files\BellSoft\LibericaJDK-14\bin\;C:\Program Files (x86)\Common Files\Oracle\Java\javapath;C:\ProgramData\Oracle\Java\javapath;C:\Windows\system32;C:\Windows;C:\Windows\System32\Wbem;C:\Windows\System32\WindowsPowerShell\v1.0\;C:\Program Files\Intel\DMIX;C:\Program Files (x86)\Skype\Phone\;C:\Program Files\Git\cmd
USERNAME=Asus
OS=Windows_NT
PROCESSOR_IDENTIFIER=Intel64 Family 6 Model 58 Stepping 9, GenuineIntel



---------------  S Y S T E M  ---------------

OS: Windows 7 , 64 bit Build 7601 (6.1.7601.23572)
OS uptime: 0 days 6:03 hours

CPU:total 4 (initial active 4) (4 cores per cpu, 1 threads per core) family 6 model 58 stepping 9, cmov, cx8, fxsr, mmx, sse, sse2, sse3, ssse3, sse4.1, sse4.2, popcnt, avx, aes, clmul, erms, tsc, tscinvbit, tscinv

Memory: 4k page, system-wide physical 8159M (2128M free)
TotalPageFile size 9181M (AvailPageFile size 4M)
current process WorkingSet (physical memory assigned to process): 65M, peak: 65M
current process commit charge ("private bytes"): 234M, peak: 243M

vm_info: OpenJDK 64-Bit Server VM (14.0.2+13) for windows-amd64 JRE (14.0.2+13), built on Jul 11 2020 07:34:47 by "" with MS VC++ 15.9 (VS2017)

END.
